[debug] [2026-06-27T16:29:09.995Z] ----------------------------------------------------------------------
[debug] [2026-06-27T16:29:10.002Z] Command:       /usr/local/bin/node /usr/local/bin/firebase init
[debug] [2026-06-27T16:29:10.002Z] CLI Version:   15.22.3
[debug] [2026-06-27T16:29:10.002Z] Platform:      darwin
[debug] [2026-06-27T16:29:10.002Z] Node Version:  v24.14.0
[debug] [2026-06-27T16:29:10.002Z] Detected Agent: unknown
[debug] [2026-06-27T16:29:10.002Z] Time:          Sat Jun 27 2026 21:59:10 GMT+0530 (India Standard Time)
[debug] [2026-06-27T16:29:10.002Z] ----------------------------------------------------------------------
[debug] 
[info] 
     ######## #### ########  ######## ########     ###     ######  ########
     ##        ##  ##     ## ##       ##     ##  ##   ##  ##       ##
     ######    ##  ########  ######   ########  #########  ######  ######
     ##        ##  ##    ##  ##       ##     ## ##     ##       ## ##
     ##       #### ##     ## ######## ########  ##     ##  ######  ########

You're about to initialize a Firebase project in this directory:

  /Users/sayangarai/Documents/Programming/App Developement/MessWise

[info] 
=== Project Setup
[info] 
[info] First, let's associate this project directory with a Firebase project.
[info] You can create multiple project aliases by running firebase use --add, 
[info] 
[debug] [2026-06-27T16:29:20.954Z] > command requires scopes: ["email","openid","https://www.googleapis.com/auth/cloudplatformprojects.readonly","https://www.googleapis.com/auth/firebase","https://www.googleapis.com/auth/cloud-platform"]
[debug] [2026-06-27T16:29:20.955Z] > authorizing via signed-in user (sayangarai04@gmail.com)
[debug] [2026-06-27T16:29:20.957Z] Checked if tokens are valid: true, expires at: 1782578805710
[debug] [2026-06-27T16:29:20.957Z] Checked if tokens are valid: true, expires at: 1782578805710
[debug] [2026-06-27T16:29:20.959Z] >>> [apiv2][query] GET https://firebase.googleapis.com/v1beta1/projects pageSize=100
[debug] [2026-06-27T16:29:22.431Z] <<< [apiv2][status] GET https://firebase.googleapis.com/v1beta1/projects 200
[debug] [2026-06-27T16:29:22.431Z] <<< [apiv2][body] GET https://firebase.googleapis.com/v1beta1/projects [omitted]
[debug] [2026-06-27T16:29:33.546Z] ExitPromptError: User force closed the prompt with SIGINT
    at Interface.sigint (/usr/local/lib/node_modules/firebase-tools/node_modules/@inquirer/core/dist/commonjs/lib/create-prompt.js:101:37)
    at Interface.emit (node:events:508:28)
    at [_ttyWrite] [as _ttyWrite] (node:internal/readline/interface:1327:18)
    at ReadStream.onkeypress (node:internal/readline/interface:284:20)
    at ReadStream.emit (node:events:520:35)
    at emitKeys (node:internal/readline/utils:371:14)
    at emitKeys.next (<anonymous>)
    at ReadStream.onData (node:internal/readline/emitKeypressEvents:64:36)
    at ReadStream.emit (node:events:508:28)
    at addChunk (node:internal/streams/readable:563:12)
[error] 
[error] Error: An unexpected error has occurred.
